The target system is: Android - 1 - armv7-a
The host system is: Linux - 5.3.0-62-generic - x86_64
Determining if the C compiler works passed with the following output:
Change Dir: /home/redknot/EyerPlayer/EyerPlayerCore/build/CMakeFiles/CMakeTmp

Run Build Command:"/usr/bin/make" "cmTC_04f4a/fast"
/usr/bin/make -f CMakeFiles/cmTC_04f4a.dir/build.make CMakeFiles/cmTC_04f4a.dir/build
make[1]: Entering directory '/home/redknot/EyerPlayer/EyerPlayerCore/build/CMakeFiles/CMakeTmp'
Building C object CMakeFiles/cmTC_04f4a.dir/testCCompiler.c.o
/home/redknot/NDK/android-ndk-r21/toolchains/llvm/prebuilt/linux-x86_64/bin/clang --target=armv7-none-linux-androideabi21 --gcc-toolchain=/home/redknot/NDK/android-ndk-r21/toolchains/llvm/prebuilt/linux-x86_64 --sysroot=/home/redknot/NDK/android-ndk-r21/toolchains/llvm/prebuilt/linux-x86_64/sysroot   -g -DANDROID -fdata-sections -ffunction-sections -funwind-tables -fstack-protector-strong -no-canonical-prefixes -D_FORTIFY_SOURCE=2 -march=armv7-a -mthumb -Wformat -Werror=format-security   -fPIE   -o CMakeFiles/cmTC_04f4a.dir/testCCompiler.c.o   -c /home/redknot/EyerPlayer/EyerPlayerCore/build/CMakeFiles/CMakeTmp/testCCompiler.c
Linking C executable cmTC_04f4a
/usr/bin/cmake -E cmake_link_script CMakeFiles/cmTC_04f4a.dir/link.txt --verbose=1
/home/redknot/NDK/android-ndk-r21/toolchains/llvm/prebuilt/linux-x86_64/bin/clang --target=armv7-none-linux-androideabi21 --gcc-toolchain=/home/redknot/NDK/android-ndk-r21/toolchains/llvm/prebuilt/linux-x86_64 --sysroot=/home/redknot/NDK/android-ndk-r21/toolchains/llvm/prebuilt/linux-x86_64/sysroot -g -DANDROID -fdata-sections -ffunction-sections -funwind-tables -fstack-protector-strong -no-canonical-prefixes -D_FORTIFY_SOURCE=2 -march=armv7-a -mthumb -Wformat -Werror=format-security    -Wl,--exclude-libs,libgcc_real.a -Wl,--exclude-libs,libatomic.a -static-libstdc++ -Wl,--build-id -Wl,--fatal-warnings -Wl,--exclude-libs,libunwind.a -Wl,--no-undefined -Qunused-arguments -Wl,--gc-sections   CMakeFiles/cmTC_04f4a.dir/testCCompiler.c.o  -o cmTC_04f4a -latomic -lm 
make[1]: Leaving directory '/home/redknot/EyerPlayer/EyerPlayerCore/build/CMakeFiles/CMakeTmp'


Detecting C compiler ABI info compiled with the following output:
Change Dir: /home/redknot/EyerPlayer/EyerPlayerCore/build/CMakeFiles/CMakeTmp

Run Build Command:"/usr/bin/make" "cmTC_a8f21/fast"
/usr/bin/make -f CMakeFiles/cmTC_a8f21.dir/build.make CMakeFiles/cmTC_a8f21.dir/build
make[1]: Entering directory '/home/redknot/EyerPlayer/EyerPlayerCore/build/CMakeFiles/CMakeTmp'
Building C object CMakeFiles/cmTC_a8f21.dir/CMakeCCompilerABI.c.o
/home/redknot/NDK/android-ndk-r21/toolchains/llvm/prebuilt/linux-x86_64/bin/clang --target=armv7-none-linux-androideabi21 --gcc-toolchain=/home/redknot/NDK/android-ndk-r21/toolchains/llvm/prebuilt/linux-x86_64 --sysroot=/home/redknot/NDK/android-ndk-r21/toolchains/llvm/prebuilt/linux-x86_64/sysroot   -g -DANDROID -fdata-sections -ffunction-sections -funwind-tables -fstack-protector-strong -no-canonical-prefixes -D_FORTIFY_SOURCE=2 -march=armv7-a -mthumb -Wformat -Werror=format-security   -fPIE   -o CMakeFiles/cmTC_a8f21.dir/CMakeCCompilerABI.c.o   -c /usr/share/cmake-3.10/Modules/CMakeCCompilerABI.c
Linking C executable cmTC_a8f21
/usr/bin/cmake -E cmake_link_script CMakeFiles/cmTC_a8f21.dir/link.txt --verbose=1
/home/redknot/NDK/android-ndk-r21/toolchains/llvm/prebuilt/linux-x86_64/bin/clang --target=armv7-none-linux-androideabi21 --gcc-toolchain=/home/redknot/NDK/android-ndk-r21/toolchains/llvm/prebuilt/linux-x86_64 --sysroot=/home/redknot/NDK/android-ndk-r21/toolchains/llvm/prebuilt/linux-x86_64/sysroot -g -DANDROID -fdata-sections -ffunction-sections -funwind-tables -fstack-protector-strong -no-canonical-prefixes -D_FORTIFY_SOURCE=2 -march=armv7-a -mthumb -Wformat -Werror=format-security    -Wl,--exclude-libs,libgcc_real.a -Wl,--exclude-libs,libatomic.a -static-libstdc++ -Wl,--build-id -Wl,--fatal-warnings -Wl,--exclude-libs,libunwind.a -Wl,--no-undefined -Qunused-arguments -Wl,--gc-sections  -v CMakeFiles/cmTC_a8f21.dir/CMakeCCompilerABI.c.o  -o cmTC_a8f21 
Android (5900059 based on r365631c) clang version 9.0.8 (https://android.googlesource.com/toolchain/llvm-project 207d7abc1a2abf3ef8d4301736d6a7ebc224a290) (based on LLVM 9.0.8svn)
Target: armv7-none-linux-android21
Thread model: posix
InstalledDir: /home/redknot/NDK/android-ndk-r21/toolchains/llvm/prebuilt/linux-x86_64/bin
Found candidate GCC installation: /home/redknot/NDK/android-ndk-r21/toolchains/llvm/prebuilt/linux-x86_64/lib/gcc/arm-linux-androideabi/4.9.x
Selected GCC installation: /home/redknot/NDK/android-ndk-r21/toolchains/llvm/prebuilt/linux-x86_64/lib/gcc/arm-linux-androideabi/4.9.x
Candidate multilib: thumb;@mthumb
Candidate multilib: armv7-a;@march=armv7-a
Candidate multilib: armv7-a/thumb;@march=armv7-a@mthumb
Candidate multilib: .;
Selected multilib: armv7-a/thumb;@march=armv7-a@mthumb
 "/home/redknot/NDK/android-ndk-r21/toolchains/llvm/prebuilt/linux-x86_64/lib/gcc/arm-linux-androideabi/4.9.x/../../../../arm-linux-androideabi/bin/ld" --sysroot=/home/redknot/NDK/android-ndk-r21/toolchains/llvm/prebuilt/linux-x86_64/sysroot -pie -z noexecstack -EL --warn-shared-textrel -z now -z relro -X --hash-style=gnu --hash-style=both --enable-new-dtags --eh-frame-hdr -m armelf_linux_eabi -dynamic-linker /system/bin/linker -o cmTC_a8f21 /home/redknot/NDK/android-ndk-r21/toolchains/llvm/prebuilt/linux-x86_64/sysroot/usr/lib/arm-linux-androideabi/21/crtbegin_dynamic.o -L/home/redknot/NDK/android-ndk-r21/toolchains/llvm/prebuilt/linux-x86_64/lib64/clang/9.0.8/lib/linux/arm -L/home/redknot/NDK/android-ndk-r21/toolchains/llvm/prebuilt/linux-x86_64/lib/gcc/arm-linux-androideabi/4.9.x/armv7-a/thumb -L/home/redknot/NDK/android-ndk-r21/toolchains/llvm/prebuilt/linux-x86_64/lib/gcc/arm-linux-androideabi/4.9.x/../../../../arm-linux-androideabi/lib/../lib/armv7-a/thumb -L/home/redknot/NDK/android-ndk-r21/toolchains/llvm/prebuilt/linux-x86_64/sysroot/usr/lib/arm-linux-androideabi/21 -L/home/redknot/NDK/android-ndk-r21/toolchains/llvm/prebuilt/linux-x86_64/sysroot/usr/lib/arm-linux-androideabi -L/home/redknot/NDK/android-ndk-r21/toolchains/llvm/prebuilt/linux-x86_64/sysroot/usr/lib/../lib -L/home/redknot/NDK/android-ndk-r21/toolchains/llvm/prebuilt/linux-x86_64/sysroot/usr/lib/arm-linux-androideabi/../../lib -L/home/redknot/NDK/android-ndk-r21/toolchains/llvm/prebuilt/linux-x86_64/lib/gcc/arm-linux-androideabi/4.9.x/../../../../arm-linux-androideabi/lib/armv7-a/thumb -L/home/redknot/NDK/android-ndk-r21/toolchains/llvm/prebuilt/linux-x86_64/sysroot/usr/lib --exclude-libs libgcc_real.a --exclude-libs libatomic.a --build-id --fatal-warnings --exclude-libs libunwind.a --no-undefined --gc-sections CMakeFiles/cmTC_a8f21.dir/CMakeCCompilerABI.c.o -lgcc -ldl -lc -lgcc -ldl /home/redknot/NDK/android-ndk-r21/toolchains/llvm/prebuilt/linux-x86_64/sysroot/usr/lib/arm-linux-androideabi/21/crtend_android.o
make[1]: Leaving directory '/home/redknot/EyerPlayer/EyerPlayerCore/build/CMakeFiles/CMakeTmp'


Parsed C implicit link information from above output:
  link line regex: [^( *|.*[/\])(arm-linux-androideabi-ld|CMAKE_LINK_STARTFILE-NOTFOUND|([^/\]+-)?ld|collect2)[^/\]*( |$)]
  ignore line: [Change Dir: /home/redknot/EyerPlayer/EyerPlayerCore/build/CMakeFiles/CMakeTmp]
  ignore line: []
  ignore line: [Run Build Command:"/usr/bin/make" "cmTC_a8f21/fast"]
  ignore line: [/usr/bin/make -f CMakeFiles/cmTC_a8f21.dir/build.make CMakeFiles/cmTC_a8f21.dir/build]
  ignore line: [make[1]: Entering directory '/home/redknot/EyerPlayer/EyerPlayerCore/build/CMakeFiles/CMakeTmp']
  ignore line: [Building C object CMakeFiles/cmTC_a8f21.dir/CMakeCCompilerABI.c.o]
  ignore line: [/home/redknot/NDK/android-ndk-r21/toolchains/llvm/prebuilt/linux-x86_64/bin/clang --target=armv7-none-linux-androideabi21 --gcc-toolchain=/home/redknot/NDK/android-ndk-r21/toolchains/llvm/prebuilt/linux-x86_64 --sysroot=/home/redknot/NDK/android-ndk-r21/toolchains/llvm/prebuilt/linux-x86_64/sysroot   -g -DANDROID -fdata-sections -ffunction-sections -funwind-tables -fstack-protector-strong -no-canonical-prefixes -D_FORTIFY_SOURCE=2 -march=armv7-a -mthumb -Wformat -Werror=format-security   -fPIE   -o CMakeFiles/cmTC_a8f21.dir/CMakeCCompilerABI.c.o   -c /usr/share/cmake-3.10/Modules/CMakeCCompilerABI.c]
  ignore line: [Linking C executable cmTC_a8f21]
  ignore line: [/usr/bin/cmake -E cmake_link_script CMakeFiles/cmTC_a8f21.dir/link.txt --verbose=1]
  ignore line: [/home/redknot/NDK/android-ndk-r21/toolchains/llvm/prebuilt/linux-x86_64/bin/clang --target=armv7-none-linux-androideabi21 --gcc-toolchain=/home/redknot/NDK/android-ndk-r21/toolchains/llvm/prebuilt/linux-x86_64 --sysroot=/home/redknot/NDK/android-ndk-r21/toolchains/llvm/prebuilt/linux-x86_64/sysroot -g -DANDROID -fdata-sections -ffunction-sections -funwind-tables -fstack-protector-strong -no-canonical-prefixes -D_FORTIFY_SOURCE=2 -march=armv7-a -mthumb -Wformat -Werror=format-security    -Wl,--exclude-libs,libgcc_real.a -Wl,--exclude-libs,libatomic.a -static-libstdc++ -Wl,--build-id -Wl,--fatal-warnings -Wl,--exclude-libs,libunwind.a -Wl,--no-undefined -Qunused-arguments -Wl,--gc-sections  -v CMakeFiles/cmTC_a8f21.dir/CMakeCCompilerABI.c.o  -o cmTC_a8f21 ]
  ignore line: [Android (5900059 based on r365631c) clang version 9.0.8 (https://android.googlesource.com/toolchain/llvm-project 207d7abc1a2abf3ef8d4301736d6a7ebc224a290) (based on LLVM 9.0.8svn)]
  ignore line: [Target: armv7-none-linux-android21]
  ignore line: [Thread model: posix]
  ignore line: [InstalledDir: /home/redknot/NDK/android-ndk-r21/toolchains/llvm/prebuilt/linux-x86_64/bin]
  ignore line: [Found candidate GCC installation: /home/redknot/NDK/android-ndk-r21/toolchains/llvm/prebuilt/linux-x86_64/lib/gcc/arm-linux-androideabi/4.9.x]
  ignore line: [Selected GCC installation: /home/redknot/NDK/android-ndk-r21/toolchains/llvm/prebuilt/linux-x86_64/lib/gcc/arm-linux-androideabi/4.9.x]
  ignore line: [Candidate multilib: thumb]
  ignore line: [@mthumb]
  ignore line: [Candidate multilib: armv7-a]
  ignore line: [@march=armv7-a]
  ignore line: [Candidate multilib: armv7-a/thumb]
  ignore line: [@march=armv7-a@mthumb]
  ignore line: [Candidate multilib: .]
  ignore line: []
  ignore line: [Selected multilib: armv7-a/thumb]
  ignore line: [@march=armv7-a@mthumb]
  link line: [ "/home/redknot/NDK/android-ndk-r21/toolchains/llvm/prebuilt/linux-x86_64/lib/gcc/arm-linux-androideabi/4.9.x/../../../../arm-linux-androideabi/bin/ld" --sysroot=/home/redknot/NDK/android-ndk-r21/toolchains/llvm/prebuilt/linux-x86_64/sysroot -pie -z noexecstack -EL --warn-shared-textrel -z now -z relro -X --hash-style=gnu --hash-style=both --enable-new-dtags --eh-frame-hdr -m armelf_linux_eabi -dynamic-linker /system/bin/linker -o cmTC_a8f21 /home/redknot/NDK/android-ndk-r21/toolchains/llvm/prebuilt/linux-x86_64/sysroot/usr/lib/arm-linux-androideabi/21/crtbegin_dynamic.o -L/home/redknot/NDK/android-ndk-r21/toolchains/llvm/prebuilt/linux-x86_64/lib64/clang/9.0.8/lib/linux/arm -L/home/redknot/NDK/android-ndk-r21/toolchains/llvm/prebuilt/linux-x86_64/lib/gcc/arm-linux-androideabi/4.9.x/armv7-a/thumb -L/home/redknot/NDK/android-ndk-r21/toolchains/llvm/prebuilt/linux-x86_64/lib/gcc/arm-linux-androideabi/4.9.x/../../../../arm-linux-androideabi/lib/../lib/armv7-a/thumb -L/home/redknot/NDK/android-ndk-r21/toolchains/llvm/prebuilt/linux-x86_64/sysroot/usr/lib/arm-linux-androideabi/21 -L/home/redknot/NDK/android-ndk-r21/toolchains/llvm/prebuilt/linux-x86_64/sysroot/usr/lib/arm-linux-androideabi -L/home/redknot/NDK/android-ndk-r21/toolchains/llvm/prebuilt/linux-x86_64/sysroot/usr/lib/../lib -L/home/redknot/NDK/android-ndk-r21/toolchains/llvm/prebuilt/linux-x86_64/sysroot/usr/lib/arm-linux-androideabi/../../lib -L/home/redknot/NDK/android-ndk-r21/toolchains/llvm/prebuilt/linux-x86_64/lib/gcc/arm-linux-androideabi/4.9.x/../../../../arm-linux-androideabi/lib/armv7-a/thumb -L/home/redknot/NDK/android-ndk-r21/toolchains/llvm/prebuilt/linux-x86_64/sysroot/usr/lib --exclude-libs libgcc_real.a --exclude-libs libatomic.a --build-id --fatal-warnings --exclude-libs libunwind.a --no-undefined --gc-sections CMakeFiles/cmTC_a8f21.dir/CMakeCCompilerABI.c.o -lgcc -ldl -lc -lgcc -ldl /home/redknot/NDK/android-ndk-r21/toolchains/llvm/prebuilt/linux-x86_64/sysroot/usr/lib/arm-linux-androideabi/21/crtend_android.o]
    arg [/home/redknot/NDK/android-ndk-r21/toolchains/llvm/prebuilt/linux-x86_64/lib/gcc/arm-linux-androideabi/4.9.x/../../../../arm-linux-androideabi/bin/ld] ==> ignore
    arg [--sysroot=/home/redknot/NDK/android-ndk-r21/toolchains/llvm/prebuilt/linux-x86_64/sysroot] ==> ignore
    arg [-pie] ==> ignore
    arg [-znoexecstack] ==> ignore
    arg [-EL] ==> ignore
    arg [--warn-shared-textrel] ==> ignore
    arg [-znow] ==> ignore
    arg [-zrelro] ==> ignore
    arg [-X] ==> ignore
    arg [--hash-style=gnu] ==> ignore
    arg [--hash-style=both] ==> ignore
    arg [--enable-new-dtags] ==> ignore
    arg [--eh-frame-hdr] ==> ignore
    arg [-m] ==> ignore
    arg [armelf_linux_eabi] ==> ignore
    arg [-dynamic-linker] ==> ignore
    arg [/system/bin/linker] ==> ignore
    arg [-o] ==> ignore
    arg [cmTC_a8f21] ==> ignore
    arg [/home/redknot/NDK/android-ndk-r21/toolchains/llvm/prebuilt/linux-x86_64/sysroot/usr/lib/arm-linux-androideabi/21/crtbegin_dynamic.o] ==> ignore
    arg [-L/home/redknot/NDK/android-ndk-r21/toolchains/llvm/prebuilt/linux-x86_64/lib64/clang/9.0.8/lib/linux/arm] ==> dir [/home/redknot/NDK/android-ndk-r21/toolchains/llvm/prebuilt/linux-x86_64/lib64/clang/9.0.8/lib/linux/arm]
    arg [-L/home/redknot/NDK/android-ndk-r21/toolchains/llvm/prebuilt/linux-x86_64/lib/gcc/arm-linux-androideabi/4.9.x/armv7-a/thumb] ==> dir [/home/redknot/NDK/android-ndk-r21/toolchains/llvm/prebuilt/linux-x86_64/lib/gcc/arm-linux-androideabi/4.9.x/armv7-a/thumb]
    arg [-L/home/redknot/NDK/android-ndk-r21/toolchains/llvm/prebuilt/linux-x86_64/lib/gcc/arm-linux-androideabi/4.9.x/../../../../arm-linux-androideabi/lib/../lib/armv7-a/thumb] ==> dir [/home/redknot/NDK/android-ndk-r21/toolchains/llvm/prebuilt/linux-x86_64/lib/gcc/arm-linux-androideabi/4.9.x/../../../../arm-linux-androideabi/lib/../lib/armv7-a/thumb]
    arg [-L/home/redknot/NDK/android-ndk-r21/toolchains/llvm/prebuilt/linux-x86_64/sysroot/usr/lib/arm-linux-androideabi/21] ==> dir [/home/redknot/NDK/android-ndk-r21/toolchains/llvm/prebuilt/linux-x86_64/sysroot/usr/lib/arm-linux-androideabi/21]
    arg [-L/home/redknot/NDK/android-ndk-r21/toolchains/llvm/prebuilt/linux-x86_64/sysroot/usr/lib/arm-linux-androideabi] ==> dir [/home/redknot/NDK/android-ndk-r21/toolchains/llvm/prebuilt/linux-x86_64/sysroot/usr/lib/arm-linux-androideabi]
    arg [-L/home/redknot/NDK/android-ndk-r21/toolchains/llvm/prebuilt/linux-x86_64/sysroot/usr/lib/../lib] ==> dir [/home/redknot/NDK/android-ndk-r21/toolchains/llvm/prebuilt/linux-x86_64/sysroot/usr/lib/../lib]
    arg [-L/home/redknot/NDK/android-ndk-r21/toolchains/llvm/prebuilt/linux-x86_64/sysroot/usr/lib/arm-linux-androideabi/../../lib] ==> dir [/home/redknot/NDK/android-ndk-r21/toolchains/llvm/prebuilt/linux-x86_64/sysroot/usr/lib/arm-linux-androideabi/../../lib]
    arg [-L/home/redknot/NDK/android-ndk-r21/toolchains/llvm/prebuilt/linux-x86_64/lib/gcc/arm-linux-androideabi/4.9.x/../../../../arm-linux-androideabi/lib/armv7-a/thumb] ==> dir [/home/redknot/NDK/android-ndk-r21/toolchains/llvm/prebuilt/linux-x86_64/lib/gcc/arm-linux-androideabi/4.9.x/../../../../arm-linux-androideabi/lib/armv7-a/thumb]
    arg [-L/home/redknot/NDK/android-ndk-r21/toolchains/llvm/prebuilt/linux-x86_64/sysroot/usr/lib] ==> dir [/home/redknot/NDK/android-ndk-r21/toolchains/llvm/prebuilt/linux-x86_64/sysroot/usr/lib]
    arg [--exclude-libs] ==> ignore
    arg [libgcc_real.a] ==> ignore
    arg [--exclude-libs] ==> ignore
    arg [libatomic.a] ==> ignore
    arg [--build-id] ==> ignore
    arg [--fatal-warnings] ==> ignore
    arg [--exclude-libs] ==> ignore
    arg [libunwind.a] ==> ignore
    arg [--no-undefined] ==> ignore
    arg [--gc-sections] ==> ignore
    arg [CMakeFiles/cmTC_a8f21.dir/CMakeCCompilerABI.c.o] ==> ignore
    arg [-lgcc] ==> lib [gcc]
    arg [-ldl] ==> lib [dl]
    arg [-lc] ==> lib [c]
    arg [-lgcc] ==> lib [gcc]
    arg [-ldl] ==> lib [dl]
    arg [/home/redknot/NDK/android-ndk-r21/toolchains/llvm/prebuilt/linux-x86_64/sysroot/usr/lib/arm-linux-androideabi/21/crtend_android.o] ==> ignore
  collapse library dir [/home/redknot/NDK/android-ndk-r21/toolchains/llvm/prebuilt/linux-x86_64/lib64/clang/9.0.8/lib/linux/arm] ==> [/home/redknot/NDK/android-ndk-r21/toolchains/llvm/prebuilt/linux-x86_64/lib64/clang/9.0.8/lib/linux/arm]
  collapse library dir [/home/redknot/NDK/android-ndk-r21/toolchains/llvm/prebuilt/linux-x86_64/lib/gcc/arm-linux-androideabi/4.9.x/armv7-a/thumb] ==> [/home/redknot/NDK/android-ndk-r21/toolchains/llvm/prebuilt/linux-x86_64/lib/gcc/arm-linux-androideabi/4.9.x/armv7-a/thumb]
  collapse library dir [/home/redknot/NDK/android-ndk-r21/toolchains/llvm/prebuilt/linux-x86_64/lib/gcc/arm-linux-androideabi/4.9.x/../../../../arm-linux-androideabi/lib/../lib/armv7-a/thumb] ==> [/home/redknot/NDK/android-ndk-r21/toolchains/llvm/prebuilt/linux-x86_64/arm-linux-androideabi/lib/armv7-a/thumb]
  collapse library dir [/home/redknot/NDK/android-ndk-r21/toolchains/llvm/prebuilt/linux-x86_64/sysroot/usr/lib/arm-linux-androideabi/21] ==> [/home/redknot/NDK/android-ndk-r21/toolchains/llvm/prebuilt/linux-x86_64/sysroot/usr/lib/arm-linux-androideabi/21]
  collapse library dir [/home/redknot/NDK/android-ndk-r21/toolchains/llvm/prebuilt/linux-x86_64/sysroot/usr/lib/arm-linux-androideabi] ==> [/home/redknot/NDK/android-ndk-r21/toolchains/llvm/prebuilt/linux-x86_64/sysroot/usr/lib/arm-linux-androideabi]
  collapse library dir [/home/redknot/NDK/android-ndk-r21/toolchains/llvm/prebuilt/linux-x86_64/sysroot/usr/lib/../lib] ==> [/home/redknot/NDK/android-ndk-r21/toolchains/llvm/prebuilt/linux-x86_64/sysroot/usr/lib]
  collapse library dir [/home/redknot/NDK/android-ndk-r21/toolchains/llvm/prebuilt/linux-x86_64/sysroot/usr/lib/arm-linux-androideabi/../../lib] ==> [/home/redknot/NDK/android-ndk-r21/toolchains/llvm/prebuilt/linux-x86_64/sysroot/usr/lib]
  collapse library dir [/home/redknot/NDK/android-ndk-r21/toolchains/llvm/prebuilt/linux-x86_64/lib/gcc/arm-linux-androideabi/4.9.x/../../../../arm-linux-androideabi/lib/armv7-a/thumb] ==> [/home/redknot/NDK/android-ndk-r21/toolchains/llvm/prebuilt/linux-x86_64/arm-linux-androideabi/lib/armv7-a/thumb]
  collapse library dir [/home/redknot/NDK/android-ndk-r21/toolchains/llvm/prebuilt/linux-x86_64/sysroot/usr/lib] ==> [/home/redknot/NDK/android-ndk-r21/toolchains/llvm/prebuilt/linux-x86_64/sysroot/usr/lib]
  implicit libs: [gcc;dl;c;gcc;dl]
  implicit dirs: [/home/redknot/NDK/android-ndk-r21/toolchains/llvm/prebuilt/linux-x86_64/lib64/clang/9.0.8/lib/linux/arm;/home/redknot/NDK/android-ndk-r21/toolchains/llvm/prebuilt/linux-x86_64/lib/gcc/arm-linux-androideabi/4.9.x/armv7-a/thumb;/home/redknot/NDK/android-ndk-r21/toolchains/llvm/prebuilt/linux-x86_64/arm-linux-androideabi/lib/armv7-a/thumb;/home/redknot/NDK/android-ndk-r21/toolchains/llvm/prebuilt/linux-x86_64/sysroot/usr/lib/arm-linux-androideabi/21;/home/redknot/NDK/android-ndk-r21/toolchains/llvm/prebuilt/linux-x86_64/sysroot/usr/lib/arm-linux-androideabi;/home/redknot/NDK/android-ndk-r21/toolchains/llvm/prebuilt/linux-x86_64/sysroot/usr/lib]
  implicit fwks: []




Detecting C [-std=c11] compiler features compiled with the following output:
Change Dir: /home/redknot/EyerPlayer/EyerPlayerCore/build/CMakeFiles/CMakeTmp

Run Build Command:"/usr/bin/make" "cmTC_c3649/fast"
/usr/bin/make -f CMakeFiles/cmTC_c3649.dir/build.make CMakeFiles/cmTC_c3649.dir/build
make[1]: Entering directory '/home/redknot/EyerPlayer/EyerPlayerCore/build/CMakeFiles/CMakeTmp'
Building C object CMakeFiles/cmTC_c3649.dir/feature_tests.c.o
/home/redknot/NDK/android-ndk-r21/toolchains/llvm/prebuilt/linux-x86_64/bin/clang --target=armv7-none-linux-androideabi21 --gcc-toolchain=/home/redknot/NDK/android-ndk-r21/toolchains/llvm/prebuilt/linux-x86_64 --sysroot=/home/redknot/NDK/android-ndk-r21/toolchains/llvm/prebuilt/linux-x86_64/sysroot   -g -DANDROID -fdata-sections -ffunction-sections -funwind-tables -fstack-protector-strong -no-canonical-prefixes -D_FORTIFY_SOURCE=2 -march=armv7-a -mthumb -Wformat -Werror=format-security   -fPIE   -std=c11 -o CMakeFiles/cmTC_c3649.dir/feature_tests.c.o   -c /home/redknot/EyerPlayer/EyerPlayerCore/build/CMakeFiles/feature_tests.c
Linking C executable cmTC_c3649
/usr/bin/cmake -E cmake_link_script CMakeFiles/cmTC_c3649.dir/link.txt --verbose=1
/home/redknot/NDK/android-ndk-r21/toolchains/llvm/prebuilt/linux-x86_64/bin/clang --target=armv7-none-linux-androideabi21 --gcc-toolchain=/home/redknot/NDK/android-ndk-r21/toolchains/llvm/prebuilt/linux-x86_64 --sysroot=/home/redknot/NDK/android-ndk-r21/toolchains/llvm/prebuilt/linux-x86_64/sysroot -g -DANDROID -fdata-sections -ffunction-sections -funwind-tables -fstack-protector-strong -no-canonical-prefixes -D_FORTIFY_SOURCE=2 -march=armv7-a -mthumb -Wformat -Werror=format-security    -Wl,--exclude-libs,libgcc_real.a -Wl,--exclude-libs,libatomic.a -static-libstdc++ -Wl,--build-id -Wl,--fatal-warnings -Wl,--exclude-libs,libunwind.a -Wl,--no-undefined -Qunused-arguments -Wl,--gc-sections   CMakeFiles/cmTC_c3649.dir/feature_tests.c.o  -o cmTC_c3649 -latomic -lm 
make[1]: Leaving directory '/home/redknot/EyerPlayer/EyerPlayerCore/build/CMakeFiles/CMakeTmp'


    Feature record: C_FEATURE:1c_function_prototypes
    Feature record: C_FEATURE:1c_restrict
    Feature record: C_FEATURE:1c_static_assert
    Feature record: C_FEATURE:1c_variadic_macros


Detecting C [-std=c99] compiler features compiled with the following output:
Change Dir: /home/redknot/EyerPlayer/EyerPlayerCore/build/CMakeFiles/CMakeTmp

Run Build Command:"/usr/bin/make" "cmTC_8aecd/fast"
/usr/bin/make -f CMakeFiles/cmTC_8aecd.dir/build.make CMakeFiles/cmTC_8aecd.dir/build
make[1]: Entering directory '/home/redknot/EyerPlayer/EyerPlayerCore/build/CMakeFiles/CMakeTmp'
Building C object CMakeFiles/cmTC_8aecd.dir/feature_tests.c.o
/home/redknot/NDK/android-ndk-r21/toolchains/llvm/prebuilt/linux-x86_64/bin/clang --target=armv7-none-linux-androideabi21 --gcc-toolchain=/home/redknot/NDK/android-ndk-r21/toolchains/llvm/prebuilt/linux-x86_64 --sysroot=/home/redknot/NDK/android-ndk-r21/toolchains/llvm/prebuilt/linux-x86_64/sysroot   -g -DANDROID -fdata-sections -ffunction-sections -funwind-tables -fstack-protector-strong -no-canonical-prefixes -D_FORTIFY_SOURCE=2 -march=armv7-a -mthumb -Wformat -Werror=format-security   -fPIE   -std=c99 -o CMakeFiles/cmTC_8aecd.dir/feature_tests.c.o   -c /home/redknot/EyerPlayer/EyerPlayerCore/build/CMakeFiles/feature_tests.c
Linking C executable cmTC_8aecd
/usr/bin/cmake -E cmake_link_script CMakeFiles/cmTC_8aecd.dir/link.txt --verbose=1
/home/redknot/NDK/android-ndk-r21/toolchains/llvm/prebuilt/linux-x86_64/bin/clang --target=armv7-none-linux-androideabi21 --gcc-toolchain=/home/redknot/NDK/android-ndk-r21/toolchains/llvm/prebuilt/linux-x86_64 --sysroot=/home/redknot/NDK/android-ndk-r21/toolchains/llvm/prebuilt/linux-x86_64/sysroot -g -DANDROID -fdata-sections -ffunction-sections -funwind-tables -fstack-protector-strong -no-canonical-prefixes -D_FORTIFY_SOURCE=2 -march=armv7-a -mthumb -Wformat -Werror=format-security    -Wl,--exclude-libs,libgcc_real.a -Wl,--exclude-libs,libatomic.a -static-libstdc++ -Wl,--build-id -Wl,--fatal-warnings -Wl,--exclude-libs,libunwind.a -Wl,--no-undefined -Qunused-arguments -Wl,--gc-sections   CMakeFiles/cmTC_8aecd.dir/feature_tests.c.o  -o cmTC_8aecd -latomic -lm 
make[1]: Leaving directory '/home/redknot/EyerPlayer/EyerPlayerCore/build/CMakeFiles/CMakeTmp'


    Feature record: C_FEATURE:1c_function_prototypes
    Feature record: C_FEATURE:1c_restrict
    Feature record: C_FEATURE:0c_static_assert
    Feature record: C_FEATURE:1c_variadic_macros


Detecting C [-std=c90] compiler features compiled with the following output:
Change Dir: /home/redknot/EyerPlayer/EyerPlayerCore/build/CMakeFiles/CMakeTmp

Run Build Command:"/usr/bin/make" "cmTC_9c79d/fast"
/usr/bin/make -f CMakeFiles/cmTC_9c79d.dir/build.make CMakeFiles/cmTC_9c79d.dir/build
make[1]: Entering directory '/home/redknot/EyerPlayer/EyerPlayerCore/build/CMakeFiles/CMakeTmp'
Building C object CMakeFiles/cmTC_9c79d.dir/feature_tests.c.o
/home/redknot/NDK/android-ndk-r21/toolchains/llvm/prebuilt/linux-x86_64/bin/clang --target=armv7-none-linux-androideabi21 --gcc-toolchain=/home/redknot/NDK/android-ndk-r21/toolchains/llvm/prebuilt/linux-x86_64 --sysroot=/home/redknot/NDK/android-ndk-r21/toolchains/llvm/prebuilt/linux-x86_64/sysroot   -g -DANDROID -fdata-sections -ffunction-sections -funwind-tables -fstack-protector-strong -no-canonical-prefixes -D_FORTIFY_SOURCE=2 -march=armv7-a -mthumb -Wformat -Werror=format-security   -fPIE   -std=c90 -o CMakeFiles/cmTC_9c79d.dir/feature_tests.c.o   -c /home/redknot/EyerPlayer/EyerPlayerCore/build/CMakeFiles/feature_tests.c
Linking C executable cmTC_9c79d
/usr/bin/cmake -E cmake_link_script CMakeFiles/cmTC_9c79d.dir/link.txt --verbose=1
/home/redknot/NDK/android-ndk-r21/toolchains/llvm/prebuilt/linux-x86_64/bin/clang --target=armv7-none-linux-androideabi21 --gcc-toolchain=/home/redknot/NDK/android-ndk-r21/toolchains/llvm/prebuilt/linux-x86_64 --sysroot=/home/redknot/NDK/android-ndk-r21/toolchains/llvm/prebuilt/linux-x86_64/sysroot -g -DANDROID -fdata-sections -ffunction-sections -funwind-tables -fstack-protector-strong -no-canonical-prefixes -D_FORTIFY_SOURCE=2 -march=armv7-a -mthumb -Wformat -Werror=format-security    -Wl,--exclude-libs,libgcc_real.a -Wl,--exclude-libs,libatomic.a -static-libstdc++ -Wl,--build-id -Wl,--fatal-warnings -Wl,--exclude-libs,libunwind.a -Wl,--no-undefined -Qunused-arguments -Wl,--gc-sections   CMakeFiles/cmTC_9c79d.dir/feature_tests.c.o  -o cmTC_9c79d -latomic -lm 
make[1]: Leaving directory '/home/redknot/EyerPlayer/EyerPlayerCore/build/CMakeFiles/CMakeTmp'


    Feature record: C_FEATURE:1c_function_prototypes
    Feature record: C_FEATURE:0c_restrict
    Feature record: C_FEATURE:0c_static_assert
    Feature record: C_FEATURE:0c_variadic_macros
Determining if the CXX compiler works passed with the following output:
Change Dir: /home/redknot/EyerPlayer/EyerPlayerCore/build/CMakeFiles/CMakeTmp

Run Build Command:"/usr/bin/make" "cmTC_a8322/fast"
/usr/bin/make -f CMakeFiles/cmTC_a8322.dir/build.make CMakeFiles/cmTC_a8322.dir/build
make[1]: Entering directory '/home/redknot/EyerPlayer/EyerPlayerCore/build/CMakeFiles/CMakeTmp'
Building CXX object CMakeFiles/cmTC_a8322.dir/testCXXCompiler.cxx.o
/home/redknot/NDK/android-ndk-r21/toolchains/llvm/prebuilt/linux-x86_64/bin/clang++ --target=armv7-none-linux-androideabi21 --gcc-toolchain=/home/redknot/NDK/android-ndk-r21/toolchains/llvm/prebuilt/linux-x86_64 --sysroot=/home/redknot/NDK/android-ndk-r21/toolchains/llvm/prebuilt/linux-x86_64/sysroot    -g -DANDROID -fdata-sections -ffunction-sections -funwind-tables -fstack-protector-strong -no-canonical-prefixes -D_FORTIFY_SOURCE=2 -march=armv7-a -mthumb -Wformat -Werror=format-security    -fPIE   -o CMakeFiles/cmTC_a8322.dir/testCXXCompiler.cxx.o -c /home/redknot/EyerPlayer/EyerPlayerCore/build/CMakeFiles/CMakeTmp/testCXXCompiler.cxx
Linking CXX executable cmTC_a8322
/usr/bin/cmake -E cmake_link_script CMakeFiles/cmTC_a8322.dir/link.txt --verbose=1
/home/redknot/NDK/android-ndk-r21/toolchains/llvm/prebuilt/linux-x86_64/bin/clang++ --target=armv7-none-linux-androideabi21 --gcc-toolchain=/home/redknot/NDK/android-ndk-r21/toolchains/llvm/prebuilt/linux-x86_64 --sysroot=/home/redknot/NDK/android-ndk-r21/toolchains/llvm/prebuilt/linux-x86_64/sysroot  -g -DANDROID -fdata-sections -ffunction-sections -funwind-tables -fstack-protector-strong -no-canonical-prefixes -D_FORTIFY_SOURCE=2 -march=armv7-a -mthumb -Wformat -Werror=format-security     -Wl,--exclude-libs,libgcc_real.a -Wl,--exclude-libs,libatomic.a -static-libstdc++ -Wl,--build-id -Wl,--fatal-warnings -Wl,--exclude-libs,libunwind.a -Wl,--no-undefined -Qunused-arguments -Wl,--gc-sections   CMakeFiles/cmTC_a8322.dir/testCXXCompiler.cxx.o  -o cmTC_a8322 -latomic -lm 
make[1]: Leaving directory '/home/redknot/EyerPlayer/EyerPlayerCore/build/CMakeFiles/CMakeTmp'


Detecting CXX compiler ABI info compiled with the following output:
Change Dir: /home/redknot/EyerPlayer/EyerPlayerCore/build/CMakeFiles/CMakeTmp

Run Build Command:"/usr/bin/make" "cmTC_0e4a1/fast"
/usr/bin/make -f CMakeFiles/cmTC_0e4a1.dir/build.make CMakeFiles/cmTC_0e4a1.dir/build
make[1]: Entering directory '/home/redknot/EyerPlayer/EyerPlayerCore/build/CMakeFiles/CMakeTmp'
Building CXX object CMakeFiles/cmTC_0e4a1.dir/CMakeCXXCompilerABI.cpp.o
/home/redknot/NDK/android-ndk-r21/toolchains/llvm/prebuilt/linux-x86_64/bin/clang++ --target=armv7-none-linux-androideabi21 --gcc-toolchain=/home/redknot/NDK/android-ndk-r21/toolchains/llvm/prebuilt/linux-x86_64 --sysroot=/home/redknot/NDK/android-ndk-r21/toolchains/llvm/prebuilt/linux-x86_64/sysroot    -g -DANDROID -fdata-sections -ffunction-sections -funwind-tables -fstack-protector-strong -no-canonical-prefixes -D_FORTIFY_SOURCE=2 -march=armv7-a -mthumb -Wformat -Werror=format-security    -fPIE   -o CMakeFiles/cmTC_0e4a1.dir/CMakeCXXCompilerABI.cpp.o -c /usr/share/cmake-3.10/Modules/CMakeCXXCompilerABI.cpp
Linking CXX executable cmTC_0e4a1
/usr/bin/cmake -E cmake_link_script CMakeFiles/cmTC_0e4a1.dir/link.txt --verbose=1
/home/redknot/NDK/android-ndk-r21/toolchains/llvm/prebuilt/linux-x86_64/bin/clang++ --target=armv7-none-linux-androideabi21 --gcc-toolchain=/home/redknot/NDK/android-ndk-r21/toolchains/llvm/prebuilt/linux-x86_64 --sysroot=/home/redknot/NDK/android-ndk-r21/toolchains/llvm/prebuilt/linux-x86_64/sysroot  -g -DANDROID -fdata-sections -ffunction-sections -funwind-tables -fstack-protector-strong -no-canonical-prefixes -D_FORTIFY_SOURCE=2 -march=armv7-a -mthumb -Wformat -Werror=format-security     -Wl,--exclude-libs,libgcc_real.a -Wl,--exclude-libs,libatomic.a -static-libstdc++ -Wl,--build-id -Wl,--fatal-warnings -Wl,--exclude-libs,libunwind.a -Wl,--no-undefined -Qunused-arguments -Wl,--gc-sections  -v CMakeFiles/cmTC_0e4a1.dir/CMakeCXXCompilerABI.cpp.o  -o cmTC_0e4a1 
Android (5900059 based on r365631c) clang version 9.0.8 (https://android.googlesource.com/toolchain/llvm-project 207d7abc1a2abf3ef8d4301736d6a7ebc224a290) (based on LLVM 9.0.8svn)
Target: armv7-none-linux-android21
Thread model: posix
InstalledDir: /home/redknot/NDK/android-ndk-r21/toolchains/llvm/prebuilt/linux-x86_64/bin
Found candidate GCC installation: /home/redknot/NDK/android-ndk-r21/toolchains/llvm/prebuilt/linux-x86_64/lib/gcc/arm-linux-androideabi/4.9.x
Selected GCC installation: /home/redknot/NDK/android-ndk-r21/toolchains/llvm/prebuilt/linux-x86_64/lib/gcc/arm-linux-androideabi/4.9.x
Candidate multilib: thumb;@mthumb
Candidate multilib: armv7-a;@march=armv7-a
Candidate multilib: armv7-a/thumb;@march=armv7-a@mthumb
Candidate multilib: .;
Selected multilib: armv7-a/thumb;@march=armv7-a@mthumb
 "/home/redknot/NDK/android-ndk-r21/toolchains/llvm/prebuilt/linux-x86_64/lib/gcc/arm-linux-androideabi/4.9.x/../../../../arm-linux-androideabi/bin/ld" --sysroot=/home/redknot/NDK/android-ndk-r21/toolchains/llvm/prebuilt/linux-x86_64/sysroot -pie -z noexecstack -EL --warn-shared-textrel -z now -z relro -X --hash-style=gnu --hash-style=both --enable-new-dtags --eh-frame-hdr -m armelf_linux_eabi -dynamic-linker /system/bin/linker -o cmTC_0e4a1 /home/redknot/NDK/android-ndk-r21/toolchains/llvm/prebuilt/linux-x86_64/sysroot/usr/lib/arm-linux-androideabi/21/crtbegin_dynamic.o -L/home/redknot/NDK/android-ndk-r21/toolchains/llvm/prebuilt/linux-x86_64/lib64/clang/9.0.8/lib/linux/arm -L/home/redknot/NDK/android-ndk-r21/toolchains/llvm/prebuilt/linux-x86_64/lib/gcc/arm-linux-androideabi/4.9.x/armv7-a/thumb -L/home/redknot/NDK/android-ndk-r21/toolchains/llvm/prebuilt/linux-x86_64/lib/gcc/arm-linux-androideabi/4.9.x/../../../../arm-linux-androideabi/lib/../lib/armv7-a/thumb -L/home/redknot/NDK/android-ndk-r21/toolchains/llvm/prebuilt/linux-x86_64/sysroot/usr/lib/arm-linux-androideabi/21 -L/home/redknot/NDK/android-ndk-r21/toolchains/llvm/prebuilt/linux-x86_64/sysroot/usr/lib/arm-linux-androideabi -L/home/redknot/NDK/android-ndk-r21/toolchains/llvm/prebuilt/linux-x86_64/sysroot/usr/lib/../lib -L/home/redknot/NDK/android-ndk-r21/toolchains/llvm/prebuilt/linux-x86_64/sysroot/usr/lib/arm-linux-androideabi/../../lib -L/home/redknot/NDK/android-ndk-r21/toolchains/llvm/prebuilt/linux-x86_64/lib/gcc/arm-linux-androideabi/4.9.x/../../../../arm-linux-androideabi/lib/armv7-a/thumb -L/home/redknot/NDK/android-ndk-r21/toolchains/llvm/prebuilt/linux-x86_64/sysroot/usr/lib --exclude-libs libgcc_real.a --exclude-libs libatomic.a --build-id --fatal-warnings --exclude-libs libunwind.a --no-undefined --gc-sections CMakeFiles/cmTC_0e4a1.dir/CMakeCXXCompilerABI.cpp.o -Bstatic -lc++ -Bdynamic -lm -lgcc -ldl -lc -lgcc -ldl /home/redknot/NDK/android-ndk-r21/toolchains/llvm/prebuilt/linux-x86_64/sysroot/usr/lib/arm-linux-androideabi/21/crtend_android.o
make[1]: Leaving directory '/home/redknot/EyerPlayer/EyerPlayerCore/build/CMakeFiles/CMakeTmp'


Parsed CXX implicit link information from above output:
  link line regex: [^( *|.*[/\])(arm-linux-androideabi-ld|CMAKE_LINK_STARTFILE-NOTFOUND|([^/\]+-)?ld|collect2)[^/\]*( |$)]
  ignore line: [Change Dir: /home/redknot/EyerPlayer/EyerPlayerCore/build/CMakeFiles/CMakeTmp]
  ignore line: []
  ignore line: [Run Build Command:"/usr/bin/make" "cmTC_0e4a1/fast"]
  ignore line: [/usr/bin/make -f CMakeFiles/cmTC_0e4a1.dir/build.make CMakeFiles/cmTC_0e4a1.dir/build]
  ignore line: [make[1]: Entering directory '/home/redknot/EyerPlayer/EyerPlayerCore/build/CMakeFiles/CMakeTmp']
  ignore line: [Building CXX object CMakeFiles/cmTC_0e4a1.dir/CMakeCXXCompilerABI.cpp.o]
  ignore line: [/home/redknot/NDK/android-ndk-r21/toolchains/llvm/prebuilt/linux-x86_64/bin/clang++ --target=armv7-none-linux-androideabi21 --gcc-toolchain=/home/redknot/NDK/android-ndk-r21/toolchains/llvm/prebuilt/linux-x86_64 --sysroot=/home/redknot/NDK/android-ndk-r21/toolchains/llvm/prebuilt/linux-x86_64/sysroot    -g -DANDROID -fdata-sections -ffunction-sections -funwind-tables -fstack-protector-strong -no-canonical-prefixes -D_FORTIFY_SOURCE=2 -march=armv7-a -mthumb -Wformat -Werror=format-security    -fPIE   -o CMakeFiles/cmTC_0e4a1.dir/CMakeCXXCompilerABI.cpp.o -c /usr/share/cmake-3.10/Modules/CMakeCXXCompilerABI.cpp]
  ignore line: [Linking CXX executable cmTC_0e4a1]
  ignore line: [/usr/bin/cmake -E cmake_link_script CMakeFiles/cmTC_0e4a1.dir/link.txt --verbose=1]
  ignore line: [/home/redknot/NDK/android-ndk-r21/toolchains/llvm/prebuilt/linux-x86_64/bin/clang++ --target=armv7-none-linux-androideabi21 --gcc-toolchain=/home/redknot/NDK/android-ndk-r21/toolchains/llvm/prebuilt/linux-x86_64 --sysroot=/home/redknot/NDK/android-ndk-r21/toolchains/llvm/prebuilt/linux-x86_64/sysroot  -g -DANDROID -fdata-sections -ffunction-sections -funwind-tables -fstack-protector-strong -no-canonical-prefixes -D_FORTIFY_SOURCE=2 -march=armv7-a -mthumb -Wformat -Werror=format-security     -Wl,--exclude-libs,libgcc_real.a -Wl,--exclude-libs,libatomic.a -static-libstdc++ -Wl,--build-id -Wl,--fatal-warnings -Wl,--exclude-libs,libunwind.a -Wl,--no-undefined -Qunused-arguments -Wl,--gc-sections  -v CMakeFiles/cmTC_0e4a1.dir/CMakeCXXCompilerABI.cpp.o  -o cmTC_0e4a1 ]
  ignore line: [Android (5900059 based on r365631c) clang version 9.0.8 (https://android.googlesource.com/toolchain/llvm-project 207d7abc1a2abf3ef8d4301736d6a7ebc224a290) (based on LLVM 9.0.8svn)]
  ignore line: [Target: armv7-none-linux-android21]
  ignore line: [Thread model: posix]
  ignore line: [InstalledDir: /home/redknot/NDK/android-ndk-r21/toolchains/llvm/prebuilt/linux-x86_64/bin]
  ignore line: [Found candidate GCC installation: /home/redknot/NDK/android-ndk-r21/toolchains/llvm/prebuilt/linux-x86_64/lib/gcc/arm-linux-androideabi/4.9.x]
  ignore line: [Selected GCC installation: /home/redknot/NDK/android-ndk-r21/toolchains/llvm/prebuilt/linux-x86_64/lib/gcc/arm-linux-androideabi/4.9.x]
  ignore line: [Candidate multilib: thumb]
  ignore line: [@mthumb]
  ignore line: [Candidate multilib: armv7-a]
  ignore line: [@march=armv7-a]
  ignore line: [Candidate multilib: armv7-a/thumb]
  ignore line: [@march=armv7-a@mthumb]
  ignore line: [Candidate multilib: .]
  ignore line: []
  ignore line: [Selected multilib: armv7-a/thumb]
  ignore line: [@march=armv7-a@mthumb]
  link line: [ "/home/redknot/NDK/android-ndk-r21/toolchains/llvm/prebuilt/linux-x86_64/lib/gcc/arm-linux-androideabi/4.9.x/../../../../arm-linux-androideabi/bin/ld" --sysroot=/home/redknot/NDK/android-ndk-r21/toolchains/llvm/prebuilt/linux-x86_64/sysroot -pie -z noexecstack -EL --warn-shared-textrel -z now -z relro -X --hash-style=gnu --hash-style=both --enable-new-dtags --eh-frame-hdr -m armelf_linux_eabi -dynamic-linker /system/bin/linker -o cmTC_0e4a1 /home/redknot/NDK/android-ndk-r21/toolchains/llvm/prebuilt/linux-x86_64/sysroot/usr/lib/arm-linux-androideabi/21/crtbegin_dynamic.o -L/home/redknot/NDK/android-ndk-r21/toolchains/llvm/prebuilt/linux-x86_64/lib64/clang/9.0.8/lib/linux/arm -L/home/redknot/NDK/android-ndk-r21/toolchains/llvm/prebuilt/linux-x86_64/lib/gcc/arm-linux-androideabi/4.9.x/armv7-a/thumb -L/home/redknot/NDK/android-ndk-r21/toolchains/llvm/prebuilt/linux-x86_64/lib/gcc/arm-linux-androideabi/4.9.x/../../../../arm-linux-androideabi/lib/../lib/armv7-a/thumb -L/home/redknot/NDK/android-ndk-r21/toolchains/llvm/prebuilt/linux-x86_64/sysroot/usr/lib/arm-linux-androideabi/21 -L/home/redknot/NDK/android-ndk-r21/toolchains/llvm/prebuilt/linux-x86_64/sysroot/usr/lib/arm-linux-androideabi -L/home/redknot/NDK/android-ndk-r21/toolchains/llvm/prebuilt/linux-x86_64/sysroot/usr/lib/../lib -L/home/redknot/NDK/android-ndk-r21/toolchains/llvm/prebuilt/linux-x86_64/sysroot/usr/lib/arm-linux-androideabi/../../lib -L/home/redknot/NDK/android-ndk-r21/toolchains/llvm/prebuilt/linux-x86_64/lib/gcc/arm-linux-androideabi/4.9.x/../../../../arm-linux-androideabi/lib/armv7-a/thumb -L/home/redknot/NDK/android-ndk-r21/toolchains/llvm/prebuilt/linux-x86_64/sysroot/usr/lib --exclude-libs libgcc_real.a --exclude-libs libatomic.a --build-id --fatal-warnings --exclude-libs libunwind.a --no-undefined --gc-sections CMakeFiles/cmTC_0e4a1.dir/CMakeCXXCompilerABI.cpp.o -Bstatic -lc++ -Bdynamic -lm -lgcc -ldl -lc -lgcc -ldl /home/redknot/NDK/android-ndk-r21/toolchains/llvm/prebuilt/linux-x86_64/sysroot/usr/lib/arm-linux-androideabi/21/crtend_android.o]
    arg [/home/redknot/NDK/android-ndk-r21/toolchains/llvm/prebuilt/linux-x86_64/lib/gcc/arm-linux-androideabi/4.9.x/../../../../arm-linux-androideabi/bin/ld] ==> ignore
    arg [--sysroot=/home/redknot/NDK/android-ndk-r21/toolchains/llvm/prebuilt/linux-x86_64/sysroot] ==> ignore
    arg [-pie] ==> ignore
    arg [-znoexecstack] ==> ignore
    arg [-EL] ==> ignore
    arg [--warn-shared-textrel] ==> ignore
    arg [-znow] ==> ignore
    arg [-zrelro] ==> ignore
    arg [-X] ==> ignore
    arg [--hash-style=gnu] ==> ignore
    arg [--hash-style=both] ==> ignore
    arg [--enable-new-dtags] ==> ignore
    arg [--eh-frame-hdr] ==> ignore
    arg [-m] ==> ignore
    arg [armelf_linux_eabi] ==> ignore
    arg [-dynamic-linker] ==> ignore
    arg [/system/bin/linker] ==> ignore
    arg [-o] ==> ignore
    arg [cmTC_0e4a1] ==> ignore
    arg [/home/redknot/NDK/android-ndk-r21/toolchains/llvm/prebuilt/linux-x86_64/sysroot/usr/lib/arm-linux-androideabi/21/crtbegin_dynamic.o] ==> ignore
    arg [-L/home/redknot/NDK/android-ndk-r21/toolchains/llvm/prebuilt/linux-x86_64/lib64/clang/9.0.8/lib/linux/arm] ==> dir [/home/redknot/NDK/android-ndk-r21/toolchains/llvm/prebuilt/linux-x86_64/lib64/clang/9.0.8/lib/linux/arm]
    arg [-L/home/redknot/NDK/android-ndk-r21/toolchains/llvm/prebuilt/linux-x86_64/lib/gcc/arm-linux-androideabi/4.9.x/armv7-a/thumb] ==> dir [/home/redknot/NDK/android-ndk-r21/toolchains/llvm/prebuilt/linux-x86_64/lib/gcc/arm-linux-androideabi/4.9.x/armv7-a/thumb]
    arg [-L/home/redknot/NDK/android-ndk-r21/toolchains/llvm/prebuilt/linux-x86_64/lib/gcc/arm-linux-androideabi/4.9.x/../../../../arm-linux-androideabi/lib/../lib/armv7-a/thumb] ==> dir [/home/redknot/NDK/android-ndk-r21/toolchains/llvm/prebuilt/linux-x86_64/lib/gcc/arm-linux-androideabi/4.9.x/../../../../arm-linux-androideabi/lib/../lib/armv7-a/thumb]
    arg [-L/home/redknot/NDK/android-ndk-r21/toolchains/llvm/prebuilt/linux-x86_64/sysroot/usr/lib/arm-linux-androideabi/21] ==> dir [/home/redknot/NDK/android-ndk-r21/toolchains/llvm/prebuilt/linux-x86_64/sysroot/usr/lib/arm-linux-androideabi/21]
    arg [-L/home/redknot/NDK/android-ndk-r21/toolchains/llvm/prebuilt/linux-x86_64/sysroot/usr/lib/arm-linux-androideabi] ==> dir [/home/redknot/NDK/android-ndk-r21/toolchains/llvm/prebuilt/linux-x86_64/sysroot/usr/lib/arm-linux-androideabi]
    arg [-L/home/redknot/NDK/android-ndk-r21/toolchains/llvm/prebuilt/linux-x86_64/sysroot/usr/lib/../lib] ==> dir [/home/redknot/NDK/android-ndk-r21/toolchains/llvm/prebuilt/linux-x86_64/sysroot/usr/lib/../lib]
    arg [-L/home/redknot/NDK/android-ndk-r21/toolchains/llvm/prebuilt/linux-x86_64/sysroot/usr/lib/arm-linux-androideabi/../../lib] ==> dir [/home/redknot/NDK/android-ndk-r21/toolchains/llvm/prebuilt/linux-x86_64/sysroot/usr/lib/arm-linux-androideabi/../../lib]
    arg [-L/home/redknot/NDK/android-ndk-r21/toolchains/llvm/prebuilt/linux-x86_64/lib/gcc/arm-linux-androideabi/4.9.x/../../../../arm-linux-androideabi/lib/armv7-a/thumb] ==> dir [/home/redknot/NDK/android-ndk-r21/toolchains/llvm/prebuilt/linux-x86_64/lib/gcc/arm-linux-androideabi/4.9.x/../../../../arm-linux-androideabi/lib/armv7-a/thumb]
    arg [-L/home/redknot/NDK/android-ndk-r21/toolchains/llvm/prebuilt/linux-x86_64/sysroot/usr/lib] ==> dir [/home/redknot/NDK/android-ndk-r21/toolchains/llvm/prebuilt/linux-x86_64/sysroot/usr/lib]
    arg [--exclude-libs] ==> ignore
    arg [libgcc_real.a] ==> ignore
    arg [--exclude-libs] ==> ignore
    arg [libatomic.a] ==> ignore
    arg [--build-id] ==> ignore
    arg [--fatal-warnings] ==> ignore
    arg [--exclude-libs] ==> ignore
    arg [libunwind.a] ==> ignore
    arg [--no-undefined] ==> ignore
    arg [--gc-sections] ==> ignore
    arg [CMakeFiles/cmTC_0e4a1.dir/CMakeCXXCompilerABI.cpp.o] ==> ignore
    arg [-Bstatic] ==> ignore
    arg [-lc++] ==> lib [c++]
    arg [-Bdynamic] ==> ignore
    arg [-lm] ==> lib [m]
    arg [-lgcc] ==> lib [gcc]
    arg [-ldl] ==> lib [dl]
    arg [-lc] ==> lib [c]
    arg [-lgcc] ==> lib [gcc]
    arg [-ldl] ==> lib [dl]
    arg [/home/redknot/NDK/android-ndk-r21/toolchains/llvm/prebuilt/linux-x86_64/sysroot/usr/lib/arm-linux-androideabi/21/crtend_android.o] ==> ignore
  collapse library dir [/home/redknot/NDK/android-ndk-r21/toolchains/llvm/prebuilt/linux-x86_64/lib64/clang/9.0.8/lib/linux/arm] ==> [/home/redknot/NDK/android-ndk-r21/toolchains/llvm/prebuilt/linux-x86_64/lib64/clang/9.0.8/lib/linux/arm]
  collapse library dir [/home/redknot/NDK/android-ndk-r21/toolchains/llvm/prebuilt/linux-x86_64/lib/gcc/arm-linux-androideabi/4.9.x/armv7-a/thumb] ==> [/home/redknot/NDK/android-ndk-r21/toolchains/llvm/prebuilt/linux-x86_64/lib/gcc/arm-linux-androideabi/4.9.x/armv7-a/thumb]
  collapse library dir [/home/redknot/NDK/android-ndk-r21/toolchains/llvm/prebuilt/linux-x86_64/lib/gcc/arm-linux-androideabi/4.9.x/../../../../arm-linux-androideabi/lib/../lib/armv7-a/thumb] ==> [/home/redknot/NDK/android-ndk-r21/toolchains/llvm/prebuilt/linux-x86_64/arm-linux-androideabi/lib/armv7-a/thumb]
  collapse library dir [/home/redknot/NDK/android-ndk-r21/toolchains/llvm/prebuilt/linux-x86_64/sysroot/usr/lib/arm-linux-androideabi/21] ==> [/home/redknot/NDK/android-ndk-r21/toolchains/llvm/prebuilt/linux-x86_64/sysroot/usr/lib/arm-linux-androideabi/21]
  collapse library dir [/home/redknot/NDK/android-ndk-r21/toolchains/llvm/prebuilt/linux-x86_64/sysroot/usr/lib/arm-linux-androideabi] ==> [/home/redknot/NDK/android-ndk-r21/toolchains/llvm/prebuilt/linux-x86_64/sysroot/usr/lib/arm-linux-androideabi]
  collapse library dir [/home/redknot/NDK/android-ndk-r21/toolchains/llvm/prebuilt/linux-x86_64/sysroot/usr/lib/../lib] ==> [/home/redknot/NDK/android-ndk-r21/toolchains/llvm/prebuilt/linux-x86_64/sysroot/usr/lib]
  collapse library dir [/home/redknot/NDK/android-ndk-r21/toolchains/llvm/prebuilt/linux-x86_64/sysroot/usr/lib/arm-linux-androideabi/../../lib] ==> [/home/redknot/NDK/android-ndk-r21/toolchains/llvm/prebuilt/linux-x86_64/sysroot/usr/lib]
  collapse library dir [/home/redknot/NDK/android-ndk-r21/toolchains/llvm/prebuilt/linux-x86_64/lib/gcc/arm-linux-androideabi/4.9.x/../../../../arm-linux-androideabi/lib/armv7-a/thumb] ==> [/home/redknot/NDK/android-ndk-r21/toolchains/llvm/prebuilt/linux-x86_64/arm-linux-androideabi/lib/armv7-a/thumb]
  collapse library dir [/home/redknot/NDK/android-ndk-r21/toolchains/llvm/prebuilt/linux-x86_64/sysroot/usr/lib] ==> [/home/redknot/NDK/android-ndk-r21/toolchains/llvm/prebuilt/linux-x86_64/sysroot/usr/lib]
  implicit libs: [c++;m;gcc;dl;c;gcc;dl]
  implicit dirs: [/home/redknot/NDK/android-ndk-r21/toolchains/llvm/prebuilt/linux-x86_64/lib64/clang/9.0.8/lib/linux/arm;/home/redknot/NDK/android-ndk-r21/toolchains/llvm/prebuilt/linux-x86_64/lib/gcc/arm-linux-androideabi/4.9.x/armv7-a/thumb;/home/redknot/NDK/android-ndk-r21/toolchains/llvm/prebuilt/linux-x86_64/arm-linux-androideabi/lib/armv7-a/thumb;/home/redknot/NDK/android-ndk-r21/toolchains/llvm/prebuilt/linux-x86_64/sysroot/usr/lib/arm-linux-androideabi/21;/home/redknot/NDK/android-ndk-r21/toolchains/llvm/prebuilt/linux-x86_64/sysroot/usr/lib/arm-linux-androideabi;/home/redknot/NDK/android-ndk-r21/toolchains/llvm/prebuilt/linux-x86_64/sysroot/usr/lib]
  implicit fwks: []




Detecting CXX [-std=c++1z] compiler features compiled with the following output:
Change Dir: /home/redknot/EyerPlayer/EyerPlayerCore/build/CMakeFiles/CMakeTmp

Run Build Command:"/usr/bin/make" "cmTC_68112/fast"
/usr/bin/make -f CMakeFiles/cmTC_68112.dir/build.make CMakeFiles/cmTC_68112.dir/build
make[1]: Entering directory '/home/redknot/EyerPlayer/EyerPlayerCore/build/CMakeFiles/CMakeTmp'
Building CXX object CMakeFiles/cmTC_68112.dir/feature_tests.cxx.o
/home/redknot/NDK/android-ndk-r21/toolchains/llvm/prebuilt/linux-x86_64/bin/clang++ --target=armv7-none-linux-androideabi21 --gcc-toolchain=/home/redknot/NDK/android-ndk-r21/toolchains/llvm/prebuilt/linux-x86_64 --sysroot=/home/redknot/NDK/android-ndk-r21/toolchains/llvm/prebuilt/linux-x86_64/sysroot    -g -DANDROID -fdata-sections -ffunction-sections -funwind-tables -fstack-protector-strong -no-canonical-prefixes -D_FORTIFY_SOURCE=2 -march=armv7-a -mthumb -Wformat -Werror=format-security    -fPIE   -std=c++1z -o CMakeFiles/cmTC_68112.dir/feature_tests.cxx.o -c /home/redknot/EyerPlayer/EyerPlayerCore/build/CMakeFiles/feature_tests.cxx
Linking CXX executable cmTC_68112
/usr/bin/cmake -E cmake_link_script CMakeFiles/cmTC_68112.dir/link.txt --verbose=1
/home/redknot/NDK/android-ndk-r21/toolchains/llvm/prebuilt/linux-x86_64/bin/clang++ --target=armv7-none-linux-androideabi21 --gcc-toolchain=/home/redknot/NDK/android-ndk-r21/toolchains/llvm/prebuilt/linux-x86_64 --sysroot=/home/redknot/NDK/android-ndk-r21/toolchains/llvm/prebuilt/linux-x86_64/sysroot  -g -DANDROID -fdata-sections -ffunction-sections -funwind-tables -fstack-protector-strong -no-canonical-prefixes -D_FORTIFY_SOURCE=2 -march=armv7-a -mthumb -Wformat -Werror=format-security     -Wl,--exclude-libs,libgcc_real.a -Wl,--exclude-libs,libatomic.a -static-libstdc++ -Wl,--build-id -Wl,--fatal-warnings -Wl,--exclude-libs,libunwind.a -Wl,--no-undefined -Qunused-arguments -Wl,--gc-sections   CMakeFiles/cmTC_68112.dir/feature_tests.cxx.o  -o cmTC_68112 -latomic -lm 
make[1]: Leaving directory '/home/redknot/EyerPlayer/EyerPlayerCore/build/CMakeFiles/CMakeTmp'


    Feature record: CXX_FEATURE:1cxx_aggregate_default_initializers
    Feature record: CXX_FEATURE:1cxx_alias_templates
    Feature record: CXX_FEATURE:1cxx_alignas
    Feature record: CXX_FEATURE:1cxx_alignof
    Feature record: CXX_FEATURE:1cxx_attributes
    Feature record: CXX_FEATURE:1cxx_attribute_deprecated
    Feature record: CXX_FEATURE:1cxx_auto_type
    Feature record: CXX_FEATURE:1cxx_binary_literals
    Feature record: CXX_FEATURE:1cxx_constexpr
    Feature record: CXX_FEATURE:1cxx_contextual_conversions
    Feature record: CXX_FEATURE:1cxx_decltype
    Feature record: CXX_FEATURE:1cxx_decltype_auto
    Feature record: CXX_FEATURE:1cxx_decltype_incomplete_return_types
    Feature record: CXX_FEATURE:1cxx_default_function_template_args
    Feature record: CXX_FEATURE:1cxx_defaulted_functions
    Feature record: CXX_FEATURE:1cxx_defaulted_move_initializers
    Feature record: CXX_FEATURE:1cxx_delegating_constructors
    Feature record: CXX_FEATURE:1cxx_deleted_functions
    Feature record: CXX_FEATURE:1cxx_digit_separators
    Feature record: CXX_FEATURE:1cxx_enum_forward_declarations
    Feature record: CXX_FEATURE:1cxx_explicit_conversions
    Feature record: CXX_FEATURE:1cxx_extended_friend_declarations
    Feature record: CXX_FEATURE:1cxx_extern_templates
    Feature record: CXX_FEATURE:1cxx_final
    Feature record: CXX_FEATURE:1cxx_func_identifier
    Feature record: CXX_FEATURE:1cxx_generalized_initializers
    Feature record: CXX_FEATURE:1cxx_generic_lambdas
    Feature record: CXX_FEATURE:1cxx_inheriting_constructors
    Feature record: CXX_FEATURE:1cxx_inline_namespaces
    Feature record: CXX_FEATURE:1cxx_lambdas
    Feature record: CXX_FEATURE:1cxx_lambda_init_captures
    Feature record: CXX_FEATURE:1cxx_local_type_template_args
    Feature record: CXX_FEATURE:1cxx_long_long_type
    Feature record: CXX_FEATURE:1cxx_noexcept
    Feature record: CXX_FEATURE:1cxx_nonstatic_member_init
    Feature record: CXX_FEATURE:1cxx_nullptr
    Feature record: CXX_FEATURE:1cxx_override
    Feature record: CXX_FEATURE:1cxx_range_for
    Feature record: CXX_FEATURE:1cxx_raw_string_literals
    Feature record: CXX_FEATURE:1cxx_reference_qualified_functions
    Feature record: CXX_FEATURE:1cxx_relaxed_constexpr
    Feature record: CXX_FEATURE:1cxx_return_type_deduction
    Feature record: CXX_FEATURE:1cxx_right_angle_brackets
    Feature record: CXX_FEATURE:1cxx_rvalue_references
    Feature record: CXX_FEATURE:1cxx_sizeof_member
    Feature record: CXX_FEATURE:1cxx_static_assert
    Feature record: CXX_FEATURE:1cxx_strong_enums
    Feature record: CXX_FEATURE:1cxx_template_template_parameters
    Feature record: CXX_FEATURE:1cxx_thread_local
    Feature record: CXX_FEATURE:1cxx_trailing_return_types
    Feature record: CXX_FEATURE:1cxx_unicode_literals
    Feature record: CXX_FEATURE:1cxx_uniform_initialization
    Feature record: CXX_FEATURE:1cxx_unrestricted_unions
    Feature record: CXX_FEATURE:1cxx_user_literals
    Feature record: CXX_FEATURE:1cxx_variable_templates
    Feature record: CXX_FEATURE:1cxx_variadic_macros
    Feature record: CXX_FEATURE:1cxx_variadic_templates


Detecting CXX [-std=c++14] compiler features compiled with the following output:
Change Dir: /home/redknot/EyerPlayer/EyerPlayerCore/build/CMakeFiles/CMakeTmp

Run Build Command:"/usr/bin/make" "cmTC_2386b/fast"
/usr/bin/make -f CMakeFiles/cmTC_2386b.dir/build.make CMakeFiles/cmTC_2386b.dir/build
make[1]: Entering directory '/home/redknot/EyerPlayer/EyerPlayerCore/build/CMakeFiles/CMakeTmp'
Building CXX object CMakeFiles/cmTC_2386b.dir/feature_tests.cxx.o
/home/redknot/NDK/android-ndk-r21/toolchains/llvm/prebuilt/linux-x86_64/bin/clang++ --target=armv7-none-linux-androideabi21 --gcc-toolchain=/home/redknot/NDK/android-ndk-r21/toolchains/llvm/prebuilt/linux-x86_64 --sysroot=/home/redknot/NDK/android-ndk-r21/toolchains/llvm/prebuilt/linux-x86_64/sysroot    -g -DANDROID -fdata-sections -ffunction-sections -funwind-tables -fstack-protector-strong -no-canonical-prefixes -D_FORTIFY_SOURCE=2 -march=armv7-a -mthumb -Wformat -Werror=format-security    -fPIE   -std=c++14 -o CMakeFiles/cmTC_2386b.dir/feature_tests.cxx.o -c /home/redknot/EyerPlayer/EyerPlayerCore/build/CMakeFiles/feature_tests.cxx
Linking CXX executable cmTC_2386b
/usr/bin/cmake -E cmake_link_script CMakeFiles/cmTC_2386b.dir/link.txt --verbose=1
/home/redknot/NDK/android-ndk-r21/toolchains/llvm/prebuilt/linux-x86_64/bin/clang++ --target=armv7-none-linux-androideabi21 --gcc-toolchain=/home/redknot/NDK/android-ndk-r21/toolchains/llvm/prebuilt/linux-x86_64 --sysroot=/home/redknot/NDK/android-ndk-r21/toolchains/llvm/prebuilt/linux-x86_64/sysroot  -g -DANDROID -fdata-sections -ffunction-sections -funwind-tables -fstack-protector-strong -no-canonical-prefixes -D_FORTIFY_SOURCE=2 -march=armv7-a -mthumb -Wformat -Werror=format-security     -Wl,--exclude-libs,libgcc_real.a -Wl,--exclude-libs,libatomic.a -static-libstdc++ -Wl,--build-id -Wl,--fatal-warnings -Wl,--exclude-libs,libunwind.a -Wl,--no-undefined -Qunused-arguments -Wl,--gc-sections   CMakeFiles/cmTC_2386b.dir/feature_tests.cxx.o  -o cmTC_2386b -latomic -lm 
make[1]: Leaving directory '/home/redknot/EyerPlayer/EyerPlayerCore/build/CMakeFiles/CMakeTmp'


    Feature record: CXX_FEATURE:1cxx_aggregate_default_initializers
    Feature record: CXX_FEATURE:1cxx_alias_templates
    Feature record: CXX_FEATURE:1cxx_alignas
    Feature record: CXX_FEATURE:1cxx_alignof
    Feature record: CXX_FEATURE:1cxx_attributes
    Feature record: CXX_FEATURE:1cxx_attribute_deprecated
    Feature record: CXX_FEATURE:1cxx_auto_type
    Feature record: CXX_FEATURE:1cxx_binary_literals
    Feature record: CXX_FEATURE:1cxx_constexpr
    Feature record: CXX_FEATURE:1cxx_contextual_conversions
    Feature record: CXX_FEATURE:1cxx_decltype
    Feature record: CXX_FEATURE:1cxx_decltype_auto
    Feature record: CXX_FEATURE:1cxx_decltype_incomplete_return_types
    Feature record: CXX_FEATURE:1cxx_default_function_template_args
    Feature record: CXX_FEATURE:1cxx_defaulted_functions
    Feature record: CXX_FEATURE:1cxx_defaulted_move_initializers
    Feature record: CXX_FEATURE:1cxx_delegating_constructors
    Feature record: CXX_FEATURE:1cxx_deleted_functions
    Feature record: CXX_FEATURE:1cxx_digit_separators
    Feature record: CXX_FEATURE:1cxx_enum_forward_declarations
    Feature record: CXX_FEATURE:1cxx_explicit_conversions
    Feature record: CXX_FEATURE:1cxx_extended_friend_declarations
    Feature record: CXX_FEATURE:1cxx_extern_templates
    Feature record: CXX_FEATURE:1cxx_final
    Feature record: CXX_FEATURE:1cxx_func_identifier
    Feature record: CXX_FEATURE:1cxx_generalized_initializers
    Feature record: CXX_FEATURE:1cxx_generic_lambdas
    Feature record: CXX_FEATURE:1cxx_inheriting_constructors
    Feature record: CXX_FEATURE:1cxx_inline_namespaces
    Feature record: CXX_FEATURE:1cxx_lambdas
    Feature record: CXX_FEATURE:1cxx_lambda_init_captures
    Feature record: CXX_FEATURE:1cxx_local_type_template_args
    Feature record: CXX_FEATURE:1cxx_long_long_type
    Feature record: CXX_FEATURE:1cxx_noexcept
    Feature record: CXX_FEATURE:1cxx_nonstatic_member_init
    Feature record: CXX_FEATURE:1cxx_nullptr
    Feature record: CXX_FEATURE:1cxx_override
    Feature record: CXX_FEATURE:1cxx_range_for
    Feature record: CXX_FEATURE:1cxx_raw_string_literals
    Feature record: CXX_FEATURE:1cxx_reference_qualified_functions
    Feature record: CXX_FEATURE:1cxx_relaxed_constexpr
    Feature record: CXX_FEATURE:1cxx_return_type_deduction
    Feature record: CXX_FEATURE:1cxx_right_angle_brackets
    Feature record: CXX_FEATURE:1cxx_rvalue_references
    Feature record: CXX_FEATURE:1cxx_sizeof_member
    Feature record: CXX_FEATURE:1cxx_static_assert
    Feature record: CXX_FEATURE:1cxx_strong_enums
    Feature record: CXX_FEATURE:1cxx_template_template_parameters
    Feature record: CXX_FEATURE:1cxx_thread_local
    Feature record: CXX_FEATURE:1cxx_trailing_return_types
    Feature record: CXX_FEATURE:1cxx_unicode_literals
    Feature record: CXX_FEATURE:1cxx_uniform_initialization
    Feature record: CXX_FEATURE:1cxx_unrestricted_unions
    Feature record: CXX_FEATURE:1cxx_user_literals
    Feature record: CXX_FEATURE:1cxx_variable_templates
    Feature record: CXX_FEATURE:1cxx_variadic_macros
    Feature record: CXX_FEATURE:1cxx_variadic_templates


Detecting CXX [-std=c++11] compiler features compiled with the following output:
Change Dir: /home/redknot/EyerPlayer/EyerPlayerCore/build/CMakeFiles/CMakeTmp

Run Build Command:"/usr/bin/make" "cmTC_8c940/fast"
/usr/bin/make -f CMakeFiles/cmTC_8c940.dir/build.make CMakeFiles/cmTC_8c940.dir/build
make[1]: Entering directory '/home/redknot/EyerPlayer/EyerPlayerCore/build/CMakeFiles/CMakeTmp'
Building CXX object CMakeFiles/cmTC_8c940.dir/feature_tests.cxx.o
/home/redknot/NDK/android-ndk-r21/toolchains/llvm/prebuilt/linux-x86_64/bin/clang++ --target=armv7-none-linux-androideabi21 --gcc-toolchain=/home/redknot/NDK/android-ndk-r21/toolchains/llvm/prebuilt/linux-x86_64 --sysroot=/home/redknot/NDK/android-ndk-r21/toolchains/llvm/prebuilt/linux-x86_64/sysroot    -g -DANDROID -fdata-sections -ffunction-sections -funwind-tables -fstack-protector-strong -no-canonical-prefixes -D_FORTIFY_SOURCE=2 -march=armv7-a -mthumb -Wformat -Werror=format-security    -fPIE   -std=c++11 -o CMakeFiles/cmTC_8c940.dir/feature_tests.cxx.o -c /home/redknot/EyerPlayer/EyerPlayerCore/build/CMakeFiles/feature_tests.cxx
Linking CXX executable cmTC_8c940
/usr/bin/cmake -E cmake_link_script CMakeFiles/cmTC_8c940.dir/link.txt --verbose=1
/home/redknot/NDK/android-ndk-r21/toolchains/llvm/prebuilt/linux-x86_64/bin/clang++ --target=armv7-none-linux-androideabi21 --gcc-toolchain=/home/redknot/NDK/android-ndk-r21/toolchains/llvm/prebuilt/linux-x86_64 --sysroot=/home/redknot/NDK/android-ndk-r21/toolchains/llvm/prebuilt/linux-x86_64/sysroot  -g -DANDROID -fdata-sections -ffunction-sections -funwind-tables -fstack-protector-strong -no-canonical-prefixes -D_FORTIFY_SOURCE=2 -march=armv7-a -mthumb -Wformat -Werror=format-security     -Wl,--exclude-libs,libgcc_real.a -Wl,--exclude-libs,libatomic.a -static-libstdc++ -Wl,--build-id -Wl,--fatal-warnings -Wl,--exclude-libs,libunwind.a -Wl,--no-undefined -Qunused-arguments -Wl,--gc-sections   CMakeFiles/cmTC_8c940.dir/feature_tests.cxx.o  -o cmTC_8c940 -latomic -lm 
make[1]: Leaving directory '/home/redknot/EyerPlayer/EyerPlayerCore/build/CMakeFiles/CMakeTmp'


    Feature record: CXX_FEATURE:0cxx_aggregate_default_initializers
    Feature record: CXX_FEATURE:1cxx_alias_templates
    Feature record: CXX_FEATURE:1cxx_alignas
    Feature record: CXX_FEATURE:1cxx_alignof
    Feature record: CXX_FEATURE:1cxx_attributes
    Feature record: CXX_FEATURE:0cxx_attribute_deprecated
    Feature record: CXX_FEATURE:1cxx_auto_type
    Feature record: CXX_FEATURE:0cxx_binary_literals
    Feature record: CXX_FEATURE:1cxx_constexpr
    Feature record: CXX_FEATURE:0cxx_contextual_conversions
    Feature record: CXX_FEATURE:1cxx_decltype
    Feature record: CXX_FEATURE:0cxx_decltype_auto
    Feature record: CXX_FEATURE:1cxx_decltype_incomplete_return_types
    Feature record: CXX_FEATURE:1cxx_default_function_template_args
    Feature record: CXX_FEATURE:1cxx_defaulted_functions
    Feature record: CXX_FEATURE:1cxx_defaulted_move_initializers
    Feature record: CXX_FEATURE:1cxx_delegating_constructors
    Feature record: CXX_FEATURE:1cxx_deleted_functions
    Feature record: CXX_FEATURE:0cxx_digit_separators
    Feature record: CXX_FEATURE:1cxx_enum_forward_declarations
    Feature record: CXX_FEATURE:1cxx_explicit_conversions
    Feature record: CXX_FEATURE:1cxx_extended_friend_declarations
    Feature record: CXX_FEATURE:1cxx_extern_templates
    Feature record: CXX_FEATURE:1cxx_final
    Feature record: CXX_FEATURE:1cxx_func_identifier
    Feature record: CXX_FEATURE:1cxx_generalized_initializers
    Feature record: CXX_FEATURE:0cxx_generic_lambdas
    Feature record: CXX_FEATURE:1cxx_inheriting_constructors
    Feature record: CXX_FEATURE:1cxx_inline_namespaces
    Feature record: CXX_FEATURE:1cxx_lambdas
    Feature record: CXX_FEATURE:0cxx_lambda_init_captures
    Feature record: CXX_FEATURE:1cxx_local_type_template_args
    Feature record: CXX_FEATURE:1cxx_long_long_type
    Feature record: CXX_FEATURE:1cxx_noexcept
    Feature record: CXX_FEATURE:1cxx_nonstatic_member_init
    Feature record: CXX_FEATURE:1cxx_nullptr
    Feature record: CXX_FEATURE:1cxx_override
    Feature record: CXX_FEATURE:1cxx_range_for
    Feature record: CXX_FEATURE:1cxx_raw_string_literals
    Feature record: CXX_FEATURE:1cxx_reference_qualified_functions
    Feature record: CXX_FEATURE:0cxx_relaxed_constexpr
    Feature record: CXX_FEATURE:0cxx_return_type_deduction
    Feature record: CXX_FEATURE:1cxx_right_angle_brackets
    Feature record: CXX_FEATURE:1cxx_rvalue_references
    Feature record: CXX_FEATURE:1cxx_sizeof_member
    Feature record: CXX_FEATURE:1cxx_static_assert
    Feature record: CXX_FEATURE:1cxx_strong_enums
    Feature record: CXX_FEATURE:1cxx_template_template_parameters
    Feature record: CXX_FEATURE:1cxx_thread_local
    Feature record: CXX_FEATURE:1cxx_trailing_return_types
    Feature record: CXX_FEATURE:1cxx_unicode_literals
    Feature record: CXX_FEATURE:1cxx_uniform_initialization
    Feature record: CXX_FEATURE:1cxx_unrestricted_unions
    Feature record: CXX_FEATURE:1cxx_user_literals
    Feature record: CXX_FEATURE:0cxx_variable_templates
    Feature record: CXX_FEATURE:1cxx_variadic_macros
    Feature record: CXX_FEATURE:1cxx_variadic_templates


Detecting CXX [-std=c++98] compiler features compiled with the following output:
Change Dir: /home/redknot/EyerPlayer/EyerPlayerCore/build/CMakeFiles/CMakeTmp

Run Build Command:"/usr/bin/make" "cmTC_24f97/fast"
/usr/bin/make -f CMakeFiles/cmTC_24f97.dir/build.make CMakeFiles/cmTC_24f97.dir/build
make[1]: Entering directory '/home/redknot/EyerPlayer/EyerPlayerCore/build/CMakeFiles/CMakeTmp'
Building CXX object CMakeFiles/cmTC_24f97.dir/feature_tests.cxx.o
/home/redknot/NDK/android-ndk-r21/toolchains/llvm/prebuilt/linux-x86_64/bin/clang++ --target=armv7-none-linux-androideabi21 --gcc-toolchain=/home/redknot/NDK/android-ndk-r21/toolchains/llvm/prebuilt/linux-x86_64 --sysroot=/home/redknot/NDK/android-ndk-r21/toolchains/llvm/prebuilt/linux-x86_64/sysroot    -g -DANDROID -fdata-sections -ffunction-sections -funwind-tables -fstack-protector-strong -no-canonical-prefixes -D_FORTIFY_SOURCE=2 -march=armv7-a -mthumb -Wformat -Werror=format-security    -fPIE   -std=c++98 -o CMakeFiles/cmTC_24f97.dir/feature_tests.cxx.o -c /home/redknot/EyerPlayer/EyerPlayerCore/build/CMakeFiles/feature_tests.cxx
Linking CXX executable cmTC_24f97
/usr/bin/cmake -E cmake_link_script CMakeFiles/cmTC_24f97.dir/link.txt --verbose=1
/home/redknot/NDK/android-ndk-r21/toolchains/llvm/prebuilt/linux-x86_64/bin/clang++ --target=armv7-none-linux-androideabi21 --gcc-toolchain=/home/redknot/NDK/android-ndk-r21/toolchains/llvm/prebuilt/linux-x86_64 --sysroot=/home/redknot/NDK/android-ndk-r21/toolchains/llvm/prebuilt/linux-x86_64/sysroot  -g -DANDROID -fdata-sections -ffunction-sections -funwind-tables -fstack-protector-strong -no-canonical-prefixes -D_FORTIFY_SOURCE=2 -march=armv7-a -mthumb -Wformat -Werror=format-security     -Wl,--exclude-libs,libgcc_real.a -Wl,--exclude-libs,libatomic.a -static-libstdc++ -Wl,--build-id -Wl,--fatal-warnings -Wl,--exclude-libs,libunwind.a -Wl,--no-undefined -Qunused-arguments -Wl,--gc-sections   CMakeFiles/cmTC_24f97.dir/feature_tests.cxx.o  -o cmTC_24f97 -latomic -lm 
make[1]: Leaving directory '/home/redknot/EyerPlayer/EyerPlayerCore/build/CMakeFiles/CMakeTmp'


    Feature record: CXX_FEATURE:0cxx_aggregate_default_initializers
    Feature record: CXX_FEATURE:0cxx_alias_templates
    Feature record: CXX_FEATURE:0cxx_alignas
    Feature record: CXX_FEATURE:0cxx_alignof
    Feature record: CXX_FEATURE:0cxx_attributes
    Feature record: CXX_FEATURE:0cxx_attribute_deprecated
    Feature record: CXX_FEATURE:0cxx_auto_type
    Feature record: CXX_FEATURE:0cxx_binary_literals
    Feature record: CXX_FEATURE:0cxx_constexpr
    Feature record: CXX_FEATURE:0cxx_contextual_conversions
    Feature record: CXX_FEATURE:0cxx_decltype
    Feature record: CXX_FEATURE:0cxx_decltype_auto
    Feature record: CXX_FEATURE:0cxx_decltype_incomplete_return_types
    Feature record: CXX_FEATURE:0cxx_default_function_template_args
    Feature record: CXX_FEATURE:0cxx_defaulted_functions
    Feature record: CXX_FEATURE:0cxx_defaulted_move_initializers
    Feature record: CXX_FEATURE:0cxx_delegating_constructors
    Feature record: CXX_FEATURE:0cxx_deleted_functions
    Feature record: CXX_FEATURE:0cxx_digit_separators
    Feature record: CXX_FEATURE:0cxx_enum_forward_declarations
    Feature record: CXX_FEATURE:0cxx_explicit_conversions
    Feature record: CXX_FEATURE:0cxx_extended_friend_declarations
    Feature record: CXX_FEATURE:0cxx_extern_templates
    Feature record: CXX_FEATURE:0cxx_final
    Feature record: CXX_FEATURE:0cxx_func_identifier
    Feature record: CXX_FEATURE:0cxx_generalized_initializers
    Feature record: CXX_FEATURE:0cxx_generic_lambdas
    Feature record: CXX_FEATURE:0cxx_inheriting_constructors
    Feature record: CXX_FEATURE:0cxx_inline_namespaces
    Feature record: CXX_FEATURE:0cxx_lambdas
    Feature record: CXX_FEATURE:0cxx_lambda_init_captures
    Feature record: CXX_FEATURE:0cxx_local_type_template_args
    Feature record: CXX_FEATURE:0cxx_long_long_type
    Feature record: CXX_FEATURE:0cxx_noexcept
    Feature record: CXX_FEATURE:0cxx_nonstatic_member_init
    Feature record: CXX_FEATURE:0cxx_nullptr
    Feature record: CXX_FEATURE:0cxx_override
    Feature record: CXX_FEATURE:0cxx_range_for
    Feature record: CXX_FEATURE:0cxx_raw_string_literals
    Feature record: CXX_FEATURE:0cxx_reference_qualified_functions
    Feature record: CXX_FEATURE:0cxx_relaxed_constexpr
    Feature record: CXX_FEATURE:0cxx_return_type_deduction
    Feature record: CXX_FEATURE:0cxx_right_angle_brackets
    Feature record: CXX_FEATURE:0cxx_rvalue_references
    Feature record: CXX_FEATURE:0cxx_sizeof_member
    Feature record: CXX_FEATURE:0cxx_static_assert
    Feature record: CXX_FEATURE:0cxx_strong_enums
    Feature record: CXX_FEATURE:1cxx_template_template_parameters
    Feature record: CXX_FEATURE:0cxx_thread_local
    Feature record: CXX_FEATURE:0cxx_trailing_return_types
    Feature record: CXX_FEATURE:0cxx_unicode_literals
    Feature record: CXX_FEATURE:0cxx_uniform_initialization
    Feature record: CXX_FEATURE:0cxx_unrestricted_unions
    Feature record: CXX_FEATURE:0cxx_user_literals
    Feature record: CXX_FEATURE:0cxx_variable_templates
    Feature record: CXX_FEATURE:0cxx_variadic_macros
    Feature record: CXX_FEATURE:0cxx_variadic_templates
